<?xml version="1.0" encoding="UTF-8"?>
<testng-results ignored="0" total="1" passed="0" failed="0" skipped="1">
  <reporter-output>
  </reporter-output>
  <suite started-at="2025-03-05T17:18:36 IST" name="Suite" finished-at="2025-03-05T17:18:36 IST" duration-ms="32">
    <groups>
    </groups>
    <test started-at="2025-03-05T17:18:36 IST" name="Test" finished-at="2025-03-05T17:18:36 IST" duration-ms="32">
      <class name="base.BaseTest">
        <test-method is-config="true" signature="setUp()[pri:0, instance:base.BaseTest@70325e14]" started-at="2025-03-05T17:17:49 IST" name="setUp" finished-at="2025-03-05T17:18:36 IST" duration-ms="47275" status="FAIL">
          <exception class="org.openqa.selenium.SessionNotCreatedException">
            <message>
              <![CDATA[Could not start a new session. Response code 500. Message: An unknown server-side error occurred while processing the command. Original error: Cannot start the 'com.swaglabsmobileapp' application. Consider checking the driver's troubleshooting documentation. Original error: 'com.swaglabsmobileapp.SplashActivity' never started. Consider checking the driver's troubleshooting documentation. 
Host info: host: 'DESKTOP-KR6B0UD', ip: '192.168.1.117'
Build info: version: '4.29.0', revision: '5fc1ec94cb'
System info: os.name: 'Windows 11', os.arch: 'amd64', os.version: '10.0', java.version: '23.0.1'
Driver info: io.appium.java_client.android.AndroidDriver
Command: [null, newSession {capabilities=[Capabilities {appium:appPackage: com.swaglabsmobileapp, appium:appWaitActivity: com.swaglabsmobileapp.Splas..., appium:automationName: UiAutomator2, appium:avd: Pixel_6_Pro, appium:avdLaunchTimeout: 180000, appium:avdReadyTimeout: 60000, appium:deviceName: realme narzo N55, appium:dontStopAppOnReset: true, appium:ignoreHiddenApiPolicyError: true, appium:noReset: true, platformName: ANDROID}]}]
Capabilities {appium:appPackage: com.swaglabsmobileapp, appium:appWaitActivity: com.swaglabsmobileapp.Splas..., appium:automationName: UiAutomator2, appium:avd: Pixel_6_Pro, appium:avdLaunchTimeout: 180000, appium:avdReadyTimeout: 60000, appium:deviceName: realme narzo N55, appium:dontStopAppOnReset: true, appium:ignoreHiddenApiPolicyError: true, appium:noReset: true, platformName: ANDROID}]]>
            </message>
            <full-stacktrace>
              <![CDATA[org.openqa.selenium.SessionNotCreatedException: Could not start a new session. Response code 500. Message: An unknown server-side error occurred while processing the command. Original error: Cannot start the 'com.swaglabsmobileapp' application. Consider checking the driver's troubleshooting documentation. Original error: 'com.swaglabsmobileapp.SplashActivity' never started. Consider checking the driver's troubleshooting documentation. 
Host info: host: 'DESKTOP-KR6B0UD', ip: '192.168.1.117'
Build info: version: '4.29.0', revision: '5fc1ec94cb'
System info: os.name: 'Windows 11', os.arch: 'amd64', os.version: '10.0', java.version: '23.0.1'
Driver info: io.appium.java_client.android.AndroidDriver
Command: [null, newSession {capabilities=[Capabilities {appium:appPackage: com.swaglabsmobileapp, appium:appWaitActivity: com.swaglabsmobileapp.Splas..., appium:automationName: UiAutomator2, appium:avd: Pixel_6_Pro, appium:avdLaunchTimeout: 180000, appium:avdReadyTimeout: 60000, appium:deviceName: realme narzo N55, appium:dontStopAppOnReset: true, appium:ignoreHiddenApiPolicyError: true, appium:noReset: true, platformName: ANDROID}]}]
Capabilities {appium:appPackage: com.swaglabsmobileapp, appium:appWaitActivity: com.swaglabsmobileapp.Splas..., appium:automationName: UiAutomator2, appium:avd: Pixel_6_Pro, appium:avdLaunchTimeout: 180000, appium:avdReadyTimeout: 60000, appium:deviceName: realme narzo N55, appium:dontStopAppOnReset: true, appium:ignoreHiddenApiPolicyError: true, appium:noReset: true, platformName: ANDROID}
at org.openqa.selenium.remote.ProtocolHandshake.createSession(ProtocolHandshake.java:114)
at org.openqa.selenium.remote.ProtocolHandshake.createSession(ProtocolHandshake.java:75)
at org.openqa.selenium.remote.ProtocolHandshake.createSession(ProtocolHandshake.java:61)
at io.appium.java_client.remote.AppiumCommandExecutor.createSession(AppiumCommandExecutor.java:176)
at io.appium.java_client.remote.AppiumCommandExecutor.execute(AppiumCommandExecutor.java:237)
at org.openqa.selenium.remote.RemoteWebDriver.execute(RemoteWebDriver.java:545)
at io.appium.java_client.AppiumDriver.startSession(AppiumDriver.java:270)
at org.openqa.selenium.remote.RemoteWebDriver.<init>(RemoteWebDriver.java:174)
at io.appium.java_client.AppiumDriver.<init>(AppiumDriver.java:91)
at io.appium.java_client.AppiumDriver.<init>(AppiumDriver.java:103)
at io.appium.java_client.android.AndroidDriver.<init>(AndroidDriver.java:109)
at utils.DriverManager.initializeDriver(DriverManager.java:43)
at base.BaseTest.setUp(BaseTest.java:13)
at java.base/jdk.internal.reflect.DirectMethodHandleAccessor.invoke(DirectMethodHandleAccessor.java:103)
at java.base/java.lang.reflect.Method.invoke(Method.java:580)
at org.testng.internal.invokers.MethodInvocationHelper.invokeMethod(MethodInvocationHelper.java:141)
at org.testng.internal.invokers.MethodInvocationHelper.invokeMethodConsideringTimeout(MethodInvocationHelper.java:71)
at org.testng.internal.invokers.ConfigInvoker.invokeConfigurationMethod(ConfigInvoker.java:400)
at org.testng.internal.invokers.ConfigInvoker.invokeConfigurations(ConfigInvoker.java:333)
at org.testng.SuiteRunner.privateRun(SuiteRunner.java:358)
at org.testng.SuiteRunner.run(SuiteRunner.java:312)
at org.testng.SuiteRunnerWorker.runSuite(SuiteRunnerWorker.java:52)
at org.testng.SuiteRunnerWorker.run(SuiteRunnerWorker.java:95)
at org.testng.TestNG.runSuitesSequentially(TestNG.java:1274)
at org.testng.TestNG.runSuitesLocally(TestNG.java:1208)
at org.testng.TestNG.runSuites(TestNG.java:1112)
at org.testng.TestNG.run(TestNG.java:1079)
at org.testng.remote.AbstractRemoteTestNG.run(AbstractRemoteTestNG.java:115)
at org.testng.remote.RemoteTestNG.initAndRun(RemoteTestNG.java:293)
at org.testng.remote.RemoteTestNG.main(RemoteTestNG.java:91)
]]>
            </full-stacktrace>
          </exception> <!-- org.openqa.selenium.SessionNotCreatedException -->
          <reporter-output>
          </reporter-output>
        </test-method> <!-- setUp -->
        <test-method signature="test()[pri:0, instance:base.BaseTest@70325e14]" started-at="2025-03-05T17:18:36 IST" name="test" finished-at="2025-03-05T17:18:36 IST" duration-ms="0" status="SKIP">
          <exception class="org.openqa.selenium.SessionNotCreatedException">
            <message>
              <![CDATA[Could not start a new session. Response code 500. Message: An unknown server-side error occurred while processing the command. Original error: Cannot start the 'com.swaglabsmobileapp' application. Consider checking the driver's troubleshooting documentation. Original error: 'com.swaglabsmobileapp.SplashActivity' never started. Consider checking the driver's troubleshooting documentation. 
Host info: host: 'DESKTOP-KR6B0UD', ip: '192.168.1.117'
Build info: version: '4.29.0', revision: '5fc1ec94cb'
System info: os.name: 'Windows 11', os.arch: 'amd64', os.version: '10.0', java.version: '23.0.1'
Driver info: io.appium.java_client.android.AndroidDriver
Command: [null, newSession {capabilities=[Capabilities {appium:appPackage: com.swaglabsmobileapp, appium:appWaitActivity: com.swaglabsmobileapp.Splas..., appium:automationName: UiAutomator2, appium:avd: Pixel_6_Pro, appium:avdLaunchTimeout: 180000, appium:avdReadyTimeout: 60000, appium:deviceName: realme narzo N55, appium:dontStopAppOnReset: true, appium:ignoreHiddenApiPolicyError: true, appium:noReset: true, platformName: ANDROID}]}]
Capabilities {appium:appPackage: com.swaglabsmobileapp, appium:appWaitActivity: com.swaglabsmobileapp.Splas..., appium:automationName: UiAutomator2, appium:avd: Pixel_6_Pro, appium:avdLaunchTimeout: 180000, appium:avdReadyTimeout: 60000, appium:deviceName: realme narzo N55, appium:dontStopAppOnReset: true, appium:ignoreHiddenApiPolicyError: true, appium:noReset: true, platformName: ANDROID}]]>
            </message>
            <full-stacktrace>
              <![CDATA[org.openqa.selenium.SessionNotCreatedException: Could not start a new session. Response code 500. Message: An unknown server-side error occurred while processing the command. Original error: Cannot start the 'com.swaglabsmobileapp' application. Consider checking the driver's troubleshooting documentation. Original error: 'com.swaglabsmobileapp.SplashActivity' never started. Consider checking the driver's troubleshooting documentation. 
Host info: host: 'DESKTOP-KR6B0UD', ip: '192.168.1.117'
Build info: version: '4.29.0', revision: '5fc1ec94cb'
System info: os.name: 'Windows 11', os.arch: 'amd64', os.version: '10.0', java.version: '23.0.1'
Driver info: io.appium.java_client.android.AndroidDriver
Command: [null, newSession {capabilities=[Capabilities {appium:appPackage: com.swaglabsmobileapp, appium:appWaitActivity: com.swaglabsmobileapp.Splas..., appium:automationName: UiAutomator2, appium:avd: Pixel_6_Pro, appium:avdLaunchTimeout: 180000, appium:avdReadyTimeout: 60000, appium:deviceName: realme narzo N55, appium:dontStopAppOnReset: true, appium:ignoreHiddenApiPolicyError: true, appium:noReset: true, platformName: ANDROID}]}]
Capabilities {appium:appPackage: com.swaglabsmobileapp, appium:appWaitActivity: com.swaglabsmobileapp.Splas..., appium:automationName: UiAutomator2, appium:avd: Pixel_6_Pro, appium:avdLaunchTimeout: 180000, appium:avdReadyTimeout: 60000, appium:deviceName: realme narzo N55, appium:dontStopAppOnReset: true, appium:ignoreHiddenApiPolicyError: true, appium:noReset: true, platformName: ANDROID}
at org.openqa.selenium.remote.ProtocolHandshake.createSession(ProtocolHandshake.java:114)
at org.openqa.selenium.remote.ProtocolHandshake.createSession(ProtocolHandshake.java:75)
at org.openqa.selenium.remote.ProtocolHandshake.createSession(ProtocolHandshake.java:61)
at io.appium.java_client.remote.AppiumCommandExecutor.createSession(AppiumCommandExecutor.java:176)
at io.appium.java_client.remote.AppiumCommandExecutor.execute(AppiumCommandExecutor.java:237)
at org.openqa.selenium.remote.RemoteWebDriver.execute(RemoteWebDriver.java:545)
at io.appium.java_client.AppiumDriver.startSession(AppiumDriver.java:270)
at org.openqa.selenium.remote.RemoteWebDriver.<init>(RemoteWebDriver.java:174)
at io.appium.java_client.AppiumDriver.<init>(AppiumDriver.java:91)
at io.appium.java_client.AppiumDriver.<init>(AppiumDriver.java:103)
at io.appium.java_client.android.AndroidDriver.<init>(AndroidDriver.java:109)
at utils.DriverManager.initializeDriver(DriverManager.java:43)
at base.BaseTest.setUp(BaseTest.java:13)
at java.base/jdk.internal.reflect.DirectMethodHandleAccessor.invoke(DirectMethodHandleAccessor.java:103)
at java.base/java.lang.reflect.Method.invoke(Method.java:580)
at org.testng.internal.invokers.MethodInvocationHelper.invokeMethod(MethodInvocationHelper.java:141)
at org.testng.internal.invokers.MethodInvocationHelper.invokeMethodConsideringTimeout(MethodInvocationHelper.java:71)
at org.testng.internal.invokers.ConfigInvoker.invokeConfigurationMethod(ConfigInvoker.java:400)
at org.testng.internal.invokers.ConfigInvoker.invokeConfigurations(ConfigInvoker.java:333)
at org.testng.SuiteRunner.privateRun(SuiteRunner.java:358)
at org.testng.SuiteRunner.run(SuiteRunner.java:312)
at org.testng.SuiteRunnerWorker.runSuite(SuiteRunnerWorker.java:52)
at org.testng.SuiteRunnerWorker.run(SuiteRunnerWorker.java:95)
at org.testng.TestNG.runSuitesSequentially(TestNG.java:1274)
at org.testng.TestNG.runSuitesLocally(TestNG.java:1208)
at org.testng.TestNG.runSuites(TestNG.java:1112)
at org.testng.TestNG.run(TestNG.java:1079)
at org.testng.remote.AbstractRemoteTestNG.run(AbstractRemoteTestNG.java:115)
at org.testng.remote.RemoteTestNG.initAndRun(RemoteTestNG.java:293)
at org.testng.remote.RemoteTestNG.main(RemoteTestNG.java:91)
]]>
            </full-stacktrace>
          </exception> <!-- org.openqa.selenium.SessionNotCreatedException -->
          <reporter-output>
          </reporter-output>
        </test-method> <!-- test -->
        <test-method is-config="true" signature="tearDown()[pri:0, instance:base.BaseTest@70325e14]" started-at="2025-03-05T17:18:36 IST" name="tearDown" finished-at="2025-03-05T17:18:36 IST" duration-ms="0" status="SKIP">
          <reporter-output>
          </reporter-output>
        </test-method> <!-- tearDown -->
      </class> <!-- base.BaseTest -->
    </test> <!-- Test -->
  </suite> <!-- Suite -->
</testng-results>
